2018-08-16 14:08:42  [ http-nio-7803-exec-3:0 ] - [ INFO ]  {dataSource-1} inited
2018-08-16 14:08:42  [ http-nio-7803-exec-3:64 ] - [ DEBUG ]  {conn-10001, pstmt-20000} enter cache
2018-08-16 16:52:27  [ http-nio-7803-exec-3:0 ] - [ INFO ]  {dataSource-1} inited
2018-08-16 16:52:27  [ http-nio-7803-exec-3:68 ] - [ DEBUG ]  {conn-10001, pstmt-20000} enter cache
2018-08-16 16:56:12  [ http-nio-7803-exec-1:0 ] - [ INFO ]  {dataSource-1} inited
2018-08-16 16:56:12  [ http-nio-7803-exec-1:67 ] - [ DEBUG ]  {conn-10001, pstmt-20000} enter cache
2018-08-16 17:13:04  [ http-nio-7803-exec-2:0 ] - [ INFO ]  {dataSource-1} inited
2018-08-16 17:13:04  [ http-nio-7803-exec-2:98 ] - [ DEBUG ]  {conn-10001, pstmt-20000} enter cache
2018-08-16 17:40:01  [ http-nio-7803-exec-6:1616919 ] - [ DEBUG ]  {conn-10001, pstmt-20001} enter cache
2018-08-16 18:00:40  [ http-nio-7803-exec-2:0 ] - [ INFO ]  {dataSource-1} inited
2018-08-16 18:00:40  [ http-nio-7803-exec-2:65 ] - [ DEBUG ]  {conn-10001, pstmt-20000} enter cache
2018-08-16 18:03:08  [ http-nio-7803-exec-3:148291 ] - [ DEBUG ]  {conn-10001, pstmt-20001} enter cache
2018-08-16 19:12:09  [ http-nio-7803-exec-1:0 ] - [ INFO ]  {dataSource-1} inited
2018-08-16 19:12:09  [ http-nio-7803-exec-1:66 ] - [ DEBUG ]  {conn-10001, pstmt-20000} enter cache
2018-08-16 19:15:55  [ http-nio-7803-exec-1:225947 ] - [ INFO ]  addStore is here : 1 
2018-08-16 19:15:55  [ http-nio-7803-exec-1:226041 ] - [ INFO ]  addStore is here : 1.1 
2018-08-16 19:15:55  [ http-nio-7803-exec-1:226042 ] - [ INFO ]  addStore is here : 1.2 
2018-08-16 19:15:55  [ http-nio-7803-exec-1:226042 ] - [ INFO ]  addStore is here : 1.3 
2018-08-16 19:15:55  [ http-nio-7803-exec-1:226042 ] - [ INFO ]  addStore is here : 2 
2018-08-16 19:15:55  [ http-nio-7803-exec-1:226042 ] - [ INFO ]  addStore is here : 2.1 
2018-08-16 19:15:55  [ http-nio-7803-exec-1:226042 ] - [ INFO ]  addStore is here : 3 
2018-08-16 19:15:55  [ http-nio-7803-exec-1:226043 ] - [ INFO ]  addStore is here : 3.1 
2018-08-16 19:15:55  [ http-nio-7803-exec-1:226045 ] - [ INFO ]  filePath is /fpfolder/recording/users/47f5f93661cd41ae923b79552ebe8a85/795c81636c82471eb07ed524a02f263c/photo1.jpg
2018-08-16 19:15:55  [ http-nio-7803-exec-1:226048 ] - [ INFO ]  addStore is here : 3.2 
2018-08-16 19:15:55  [ http-nio-7803-exec-1:226050 ] - [ INFO ]  addStore is here : 3.3 
2018-08-16 19:15:55  [ http-nio-7803-exec-1:226052 ] - [ INFO ]  addStore is here : 3.4 
2018-08-16 19:15:55  [ http-nio-7803-exec-1:226052 ] - [ INFO ]  addStore is here : 4
2018-08-16 19:15:55  [ http-nio-7803-exec-1:226052 ] - [ INFO ]  addStore is here : 50
2018-08-16 19:15:55  [ http-nio-7803-exec-1:226053 ] - [ INFO ]  addStore is here : 60
2018-08-16 19:15:55  [ http-nio-7803-exec-1:226054 ] - [ INFO ]  addStore is here : 3 
2018-08-16 19:15:55  [ http-nio-7803-exec-1:226054 ] - [ INFO ]  addStore is here : 3.1 
2018-08-16 19:15:55  [ http-nio-7803-exec-1:226055 ] - [ INFO ]  filePath is /fpfolder/recording/users/47f5f93661cd41ae923b79552ebe8a85/795c81636c82471eb07ed524a02f263c/photo2.jpg
2018-08-16 19:15:55  [ http-nio-7803-exec-1:226057 ] - [ INFO ]  addStore is here : 3.2 
2018-08-16 19:15:55  [ http-nio-7803-exec-1:226058 ] - [ INFO ]  addStore is here : 3.3 
2018-08-16 19:15:55  [ http-nio-7803-exec-1:226059 ] - [ INFO ]  addStore is here : 3.4 
2018-08-16 19:15:55  [ http-nio-7803-exec-1:226059 ] - [ INFO ]  addStore is here : 4
2018-08-16 19:15:55  [ http-nio-7803-exec-1:226060 ] - [ INFO ]  addStore is here : 51
2018-08-16 19:15:55  [ http-nio-7803-exec-1:226060 ] - [ INFO ]  addStore is here : 61
2018-08-16 19:15:55  [ http-nio-7803-exec-1:226060 ] - [ INFO ]  addStore is here : 3 
2018-08-16 19:15:55  [ http-nio-7803-exec-1:226060 ] - [ INFO ]  addStore is here : 3.1 
2018-08-16 19:15:55  [ http-nio-7803-exec-1:226060 ] - [ INFO ]  filePath is /fpfolder/recording/users/47f5f93661cd41ae923b79552ebe8a85/795c81636c82471eb07ed524a02f263c/photo3.jpg
2018-08-16 19:15:55  [ http-nio-7803-exec-1:226063 ] - [ INFO ]  addStore is here : 3.2 
2018-08-16 19:15:55  [ http-nio-7803-exec-1:226064 ] - [ INFO ]  addStore is here : 3.3 
2018-08-16 19:15:55  [ http-nio-7803-exec-1:226065 ] - [ INFO ]  addStore is here : 3.4 
2018-08-16 19:15:55  [ http-nio-7803-exec-1:226065 ] - [ INFO ]  addStore is here : 4
2018-08-16 19:15:55  [ http-nio-7803-exec-1:226066 ] - [ INFO ]  addStore is here : 52
2018-08-16 19:15:55  [ http-nio-7803-exec-1:226066 ] - [ INFO ]  addStore is here : 62
2018-08-16 19:15:55  [ http-nio-7803-exec-1:226066 ] - [ INFO ]  addStore is here : 3 
2018-08-16 19:15:55  [ http-nio-7803-exec-1:226066 ] - [ INFO ]  addStore is here : 3.1 
2018-08-16 19:15:55  [ http-nio-7803-exec-1:226066 ] - [ INFO ]  filePath is /fpfolder/recording/users/47f5f93661cd41ae923b79552ebe8a85/795c81636c82471eb07ed524a02f263c/photo4.jpg
2018-08-16 19:15:55  [ http-nio-7803-exec-1:226069 ] - [ INFO ]  addStore is here : 3.2 
2018-08-16 19:15:55  [ http-nio-7803-exec-1:226070 ] - [ INFO ]  addStore is here : 3.3 
2018-08-16 19:15:55  [ http-nio-7803-exec-1:226071 ] - [ INFO ]  addStore is here : 3.4 
2018-08-16 19:15:55  [ http-nio-7803-exec-1:226071 ] - [ INFO ]  addStore is here : 4
2018-08-16 19:15:55  [ http-nio-7803-exec-1:226071 ] - [ INFO ]  addStore is here : 53
2018-08-16 19:15:55  [ http-nio-7803-exec-1:226071 ] - [ INFO ]  addStore is here : 63
2018-08-16 19:15:55  [ http-nio-7803-exec-1:226071 ] - [ INFO ]  addStore is here : 3 
2018-08-16 19:15:55  [ http-nio-7803-exec-1:226071 ] - [ INFO ]  addStore is here : 3.1 
2018-08-16 19:15:55  [ http-nio-7803-exec-1:226072 ] - [ INFO ]  filePath is /fpfolder/recording/users/47f5f93661cd41ae923b79552ebe8a85/795c81636c82471eb07ed524a02f263c/photo5.jpg
2018-08-16 19:15:55  [ http-nio-7803-exec-1:226328 ] - [ INFO ]  addStore is here : 3.2 
2018-08-16 19:15:55  [ http-nio-7803-exec-1:226328 ] - [ INFO ]  addStore is here : 3.3 
2018-08-16 19:15:55  [ http-nio-7803-exec-1:226330 ] - [ INFO ]  addStore is here : 3.4 
2018-08-16 19:15:55  [ http-nio-7803-exec-1:226330 ] - [ INFO ]  addStore is here : 4
2018-08-16 19:15:55  [ http-nio-7803-exec-1:226330 ] - [ INFO ]  addStore is here : 54
2018-08-16 19:15:55  [ http-nio-7803-exec-1:226330 ] - [ INFO ]  addStore is here : 64
2018-08-16 19:15:55  [ http-nio-7803-exec-1:226331 ] - [ INFO ]  addStore is here : 3 
2018-08-16 19:15:55  [ http-nio-7803-exec-1:226331 ] - [ INFO ]  addStore is here : 3.1 
2018-08-16 19:15:55  [ http-nio-7803-exec-1:226331 ] - [ INFO ]  filePath is /fpfolder/recording/users/47f5f93661cd41ae923b79552ebe8a85/795c81636c82471eb07ed524a02f263c/photo6.jpg
2018-08-16 19:15:55  [ http-nio-7803-exec-1:226334 ] - [ INFO ]  addStore is here : 3.2 
2018-08-16 19:15:55  [ http-nio-7803-exec-1:226335 ] - [ INFO ]  addStore is here : 3.3 
2018-08-16 19:15:55  [ http-nio-7803-exec-1:226336 ] - [ INFO ]  addStore is here : 3.4 
2018-08-16 19:15:55  [ http-nio-7803-exec-1:226336 ] - [ INFO ]  addStore is here : 4
2018-08-16 19:15:55  [ http-nio-7803-exec-1:226336 ] - [ INFO ]  addStore is here : 55
2018-08-16 19:15:55  [ http-nio-7803-exec-1:226336 ] - [ INFO ]  addStore is here : 65
2018-08-16 19:15:55  [ http-nio-7803-exec-1:226336 ] - [ INFO ]  addStore is here : 3 
2018-08-16 19:15:55  [ http-nio-7803-exec-1:226337 ] - [ INFO ]  addStore is here : 3.1 
2018-08-16 19:15:55  [ http-nio-7803-exec-1:226337 ] - [ INFO ]  filePath is /fpfolder/recording/users/47f5f93661cd41ae923b79552ebe8a85/795c81636c82471eb07ed524a02f263c/photo7.jpg
2018-08-16 19:15:55  [ http-nio-7803-exec-1:226339 ] - [ INFO ]  addStore is here : 3.2 
2018-08-16 19:15:55  [ http-nio-7803-exec-1:226340 ] - [ INFO ]  addStore is here : 3.3 
2018-08-16 19:15:55  [ http-nio-7803-exec-1:226341 ] - [ INFO ]  addStore is here : 3.4 
2018-08-16 19:15:55  [ http-nio-7803-exec-1:226341 ] - [ INFO ]  addStore is here : 4
2018-08-16 19:15:55  [ http-nio-7803-exec-1:226342 ] - [ INFO ]  addStore is here : 56
2018-08-16 19:15:55  [ http-nio-7803-exec-1:226342 ] - [ INFO ]  addStore is here : 66
2018-08-16 19:15:56  [ http-nio-7803-exec-1:226958 ] - [ DEBUG ]  {conn-10001, pstmt-20001} enter cache
